
> unipastq@0.1.0 dev
> next dev

  ▲ Next.js 14.2.35
  - Local:        http://localhost:3000
  - Environments: .env.local

 ✓ Starting...
 ✓ Ready in 6.8s
 ○ Compiling /src/middleware ...
 ✓ Compiled /src/middleware in 1986ms (170 modules)
 ○ Compiling /upload ...
 ✓ Compiled /upload in 13.6s (1533 modules)
 ✓ Compiled in 1234ms (696 modules)
 ✓ Compiled in 254ms (682 modules)
 GET /upload 200 in 16333ms
 GET /upload 200 in 2577ms
<w> [webpack.cache.PackFileCacheStrategy] Serializing big strings (102kiB) impacts deserialization performance (consider using Buffer instead and decode when needed)
<w> [webpack.cache.PackFileCacheStrategy] Serializing big strings (250kiB) impacts deserialization performance (consider using Buffer instead and decode when needed)
 ✓ Compiled in 1716ms (1503 modules)
 ⚠ Fast Refresh had to perform a full reload. Read more: https://nextjs.org/docs/messages/fast-refresh-reload
 GET /upload 200 in 3395ms
 ○ Compiling /_not-found ...
 ✓ Compiled /_not-found in 815ms (1492 modules)
 GET /_next/undefined 404 in 1052ms
 ✓ Compiled in 2.7s (1517 modules)
 ⨯ Internal error: Error: Unsupported Server Component type: Module
    at e (C:\Users\ifeol\Desktop\Projects\PQB\node_modules\next\dist\compiled\next-server\app-page.runtime.dev.js:35:269758)
    at e (C:\Users\ifeol\Desktop\Projects\PQB\node_modules\next\dist\compiled\next-server\app-page.runtime.dev.js:35:269654)
    at eL (C:\Users\ifeol\Desktop\Projects\PQB\node_modules\next\dist\compiled\next-server\app-page.runtime.dev.js:35:269809)
    at eJ (C:\Users\ifeol\Desktop\Projects\PQB\node_modules\next\dist\compiled\next-server\app-page.runtime.dev.js:35:275773)
    at eV (C:\Users\ifeol\Desktop\Projects\PQB\node_modules\next\dist\compiled\next-server\app-page.runtime.dev.js:35:276390)
    at Timeout._onTimeout (C:\Users\ifeol\Desktop\Projects\PQB\node_modules\next\dist\compiled\next-server\app-page.runtime.dev.js:35:266177)
    at listOnTimeout (node:internal/timers:588:17)
    at process.processTimers (node:internal/timers:523:7)
digest: "4061718808"
 ✓ Compiled in 1783ms (1517 modules)
 ✓ Compiled in 1561ms (1517 modules)
 ✓ Compiled in 702ms (693 modules)
 ✓ Compiled in 963ms (693 modules)
 ✓ Compiled in 1786ms (1515 modules)
 GET /upload 200 in 2539ms
 GET /upload 200 in 2831ms
 ✓ Compiled in 10.1s (693 modules)
[EQB] {"t":"2026-07-01T00:30:32.458Z","lvl":"warn","ev":"auth.unauthorized","msg":"Redirected unauthenticated user to login","ip":"::ffff:127.0.0.1","p":"/upload"}
 ○ Compiling /login ...
 ✓ Compiled /login in 6s (1543 modules)
 ○ Compiling /_not-found ...
 ✓ Compiled /_not-found in 587ms (859 modules)
 GET /_next/static/css/app/layout.css?v=1782865838953 404 in 1256ms
 GET /_next/static/css/app/layout.css?v=1782865838953 404 in 157ms
[EQB] {"t":"2026-07-01T00:48:17.668Z","lvl":"warn","ev":"auth.unauthorized","msg":"Redirected unauthenticated user to login","ip":"::ffff:127.0.0.1","p":"/upload"}
 ○ Compiling /_error ...
 ✓ Compiled /_error in 9.4s (1784 modules)
 GET /login 404 in 10095ms
 GET /favicon.ico 500 in 983ms
 GET /login 200 in 396ms
 GET /login 200 in 157ms
 GET /_next/static/css/app/layout.css?v=1782866915084 404 in 178ms
 GET /_next/static/chunks/main-app.js?v=1782866915084 404 in 165ms
 ✓ Compiled in 5.4s (1783 modules)
 ✓ Compiled in 10.2s (1783 modules)
 ✓ Compiled in 2.2s (1783 modules)
 ✓ Compiled in 8.7s (1783 modules)
 ✓ Compiled in 1474ms (885 modules)
 ✓ Compiled in 1152ms (885 modules)
 ✓ Compiled in 4.5s (1783 modules)
 ✓ Compiled in 651ms (885 modules)
 ✓ Compiled in 2.1s (1783 modules)
 ✓ Compiled in 1597ms (1783 modules)
 ✓ Compiled in 834ms (885 modules)
 ✓ Compiled in 879ms (885 modules)
 ✓ Compiled in 937ms (885 modules)
 ✓ Compiled in 763ms (885 modules)
 ✓ Compiled in 803ms (885 modules)
 ✓ Compiled in 841ms (885 modules)
 ✓ Compiled in 883ms (885 modules)
 ✓ Compiled in 763ms (885 modules)
 ✓ Compiled in 1492ms (885 modules)
 ✓ Compiled in 870ms (885 modules)
 ✓ Compiled in 876ms (885 modules)
 ✓ Compiled in 983ms (885 modules)
 ✓ Compiled in 2.7s (885 modules)
 ✓ Compiled in 985ms (885 modules)
 ✓ Compiled in 832ms (885 modules)
 ✓ Compiled in 1716ms (885 modules)
 ✓ Compiled in 1140ms (885 modules)
 ✓ Compiled in 1124ms (885 modules)
